"../../../Engine/Content/Functions/Engine_MaterialFunctions01/Opacity/CameraDepthFade.uasset" 0
"../../../Engine/Content/EngineMaterials/T_Default_Material_Grid_M.uasset" 1
"../../../Engine/Content/EngineMaterials/T_Default_Material_Grid_N.uasset" 2
"../../../Engine/Content/EngineMaterials/WorldGridMaterial.uasset" 3
"../../../Engine/Content/ArtTools/RenderToTexture/Meshes/S_1_Unit_Plane.uasset" 4
"../../../Engine/Content/EngineMaterials/DefaultMaterial.uasset" 5
"../../../Engine/Content/BasicShapes/Cone.uasset" 6
"../../../Engine/Content/BasicShapes/Cylinder.uasset" 7
"../../../Engine/Content/BasicShapes/Plane.uasset" 8
"../../../Engine/Content/BasicShapes/Sphere.uasset" 9
"../../../Engine/Content/EditorLandscapeResources/DataLayer.uasset" 10
"../../../Engine/Content/EditorMaterials/GizmoMaterial.uasset" 11
"../../../Engine/Content/EditorMaterials/MAT_Groups_Toggle.uasset" 12
"../../../Engine/Content/EditorMaterials/MAT_Groups_Visibility.uasset" 13
"../../../Engine/Content/EditorMaterials/PreviewShadowIndicator.uasset" 14
"../../../Engine/Content/EditorMaterials/PreviewShadowIndicatorMaterial.uasset" 15
"../../../Engine/Content/EditorMaterials/MatineeGroups/MAT_ColorTrack.uasset" 16
"../../../Engine/Content/EditorMaterials/MatineeGroups/MAT_Groups_Anim.uasset" 17
"../../../Engine/Content/EditorMaterials/MatineeGroups/MAT_Groups_AudioMaster.uasset" 18
"../../../Engine/Content/EditorMaterials/MatineeGroups/MAT_Groups_Director.uasset" 19
"../../../Engine/Content/EditorMaterials/MatineeGroups/MAT_Groups_Event.uasset" 20
"../../../Engine/Content/EditorMaterials/MatineeGroups/MAT_Groups_Fade.uasset" 21
"../../../Engine/Content/EditorMaterials/MatineeGroups/MAT_Groups_Float.uasset" 22
"../../../Engine/Content/EditorMaterials/MatineeGroups/MAT_Groups_Move.uasset" 23
"../../../Engine/Content/EditorMaterials/MatineeGroups/MAT_Groups_Slomo.uasset" 24
"../../../Engine/Content/EditorMaterials/MatineeGroups/MAT_Groups_Sound.uasset" 25
"../../../Engine/Content/EditorMaterials/MatineeGroups/MAT_Groups_Vector.uasset" 26
"../../../Engine/Content/EditorMaterials/ParticleSystems/PSysThumbnail_NoImage.uasset" 27
"../../../Engine/Content/EditorMaterials/ParticleSystems/PSysThumbnail_OOD.uasset" 28
"../../../Engine/Content/EditorMaterials/Camera/CineMat.uasset" 29
"../../../Engine/Content/EditorMaterials/Camera/MI_CineMat_Rig.uasset" 30
"../../../Engine/Content/EditorMeshes/Camera/SM_CraneRig_Arm.uasset" 31
"../../../Engine/Content/EditorMeshes/Camera/SM_CraneRig_Base.uasset" 32
"../../../Engine/Content/EditorMeshes/Camera/SM_CraneRig_Body.uasset" 33
"../../../Engine/Content/EditorMeshes/Camera/SM_CraneRig_Mount.uasset" 34
"../../../Engine/Content/EditorMeshes/Camera/SM_RailRig_Mount.uasset" 35
"../../../Engine/Content/EditorMeshes/Camera/SM_RailRig_Track.uasset" 36
"../../../Engine/Content/EditorResources/BSPVertex.uasset" 37
"../../../Engine/Content/EditorResources/EmptyActor.uasset" 38
"../../../Engine/Content/EditorResources/S_Actor.uasset" 39
"../../../Engine/Content/EditorResources/S_Trigger.uasset" 40
"../../../Engine/Content/EditorResources/AudioIcons/S_AudioComponent.uasset" 41
"../../../Engine/Content/EditorResources/AudioIcons/S_AudioComponent_AutoActivate.uasset" 42
"../../../Engine/Content/EditorResources/LightIcons/S_LightError.uasset" 43
"../../../Engine/Content/EditorResources/SequenceRecorder/Countdown.uasset" 44
"../../../Engine/Content/EditorResources/SequenceRecorder/RecordingIndicator.uasset" 45
"../../../Engine/Content/EditorSounds/Notifications/CompileFailed.uasset" 46
"../../../Engine/Content/EditorSounds/Notifications/CompileFailed_Cue.uasset" 47
"../../../Engine/Content/EditorSounds/Notifications/CompileSuccess.uasset" 48
"../../../Engine/Content/EditorSounds/Notifications/CompileStart_Cue.uasset" 49
"../../../Engine/Content/EditorSounds/Notifications/CompileSuccess_Cue.uasset" 50
"../../../Engine/Content/EngineDebugMaterials/HeatmapGradient.uasset" 51
"../../../Engine/Content/EngineDebugMaterials/BoneWeightMaterial.uasset" 52
"../../../Engine/Content/EngineDebugMaterials/ClothMaterial.uasset" 53
"../../../Engine/Content/EngineDebugMaterials/ClothMaterial_WF.uasset" 54
"../../../Engine/Content/EngineDebugMaterials/DebugEditorMaterial.uasset" 55
"../../../Engine/Content/EngineDebugMaterials/DebugMeshMaterial.uasset" 56
"../../../Engine/Content/EngineDebugMaterials/GeomMaterial.uasset" 57
"../../../Engine/Content/EngineDebugMaterials/M_SimpleTranslucent.uasset" 58
"../../../Engine/Content/EngineFonts/Faces/RobotoBold.uasset" 59
"../../../Engine/Content/EngineFonts/Faces/RobotoBoldItalic.uasset" 60
"../../../Engine/Content/EngineFonts/Faces/RobotoItalic.uasset" 61
"../../../Engine/Content/EngineFonts/Faces/RobotoLight.uasset" 62
"../../../Engine/Content/EngineFonts/Faces/RobotoRegular.uasset" 63
"../../../Engine/Content/EngineFonts/Faces/RobotoTiny.uasset" 64
"../../../Engine/Content/EngineMaterials/BaseFlattenDiffuseMap.uasset" 65
"../../../Engine/Content/EngineMaterials/BaseFlattenEmissiveMap.uasset" 66
"../../../Engine/Content/EngineMaterials/BaseFlattenGrayscaleMap.uasset" 67
"../../../Engine/Content/EngineMaterials/BaseFlattenNormalMap.uasset" 68
"../../../Engine/Content/EngineMaterials/BaseFlattenMaterial.uasset" 69
"../../../Engine/Content/EngineMaterials/DefaultBloomKernel.uasset" 70
"../../../Engine/Content/EngineMaterials/DefaultBokeh.uasset" 71
"../../../Engine/Content/EngineMaterials/DefaultDiffuse.uasset" 72
"../../../Engine/Content/EngineMaterials/DefaultDeferredDecalMaterial.uasset" 73
"../../../Engine/Content/EngineMaterials/DefaultLightFunctionMaterial.uasset" 74
"../../../Engine/Content/EngineMaterials/DefaultPhysicalMaterial.uasset" 75
"../../../Engine/Content/Functions/Engine_MaterialFunctions02/Utility/BreakOutFloat2Components.uasset" 76
"../../../Engine/Content/EngineMaterials/DefaultPostProcessMaterial.uasset" 77
"../../../Engine/Content/EngineMaterials/DefaultTextMaterialOpaque.uasset" 78
"../../../Engine/Content/EngineMaterials/DefaultWhiteGrid.uasset" 79
"../../../Engine/Content/EngineMaterials/EditorBrushMaterial.uasset" 80
"../../../Engine/Content/EngineMaterials/Good64x64TilingNoiseHighFreq.uasset" 81
"../../../Engine/Content/EngineMaterials/MiniFont.uasset" 82
"../../../Engine/Content/EngineMaterials/InvalidLightmapSettings.uasset" 83
"../../../Engine/Content/EngineMaterials/M_InvalidLightmapSettings.uasset" 84
"../../../Engine/Content/Functions/Engine_MaterialFunctions02/WorldPositionOffset/CameraOffset.uasset" 85
"../../../Engine/Content/EngineMaterials/PhAT_JointLimitMaterial.uasset" 86
"../../../Engine/Content/EngineMaterials/PreintegratedSkinBRDF.uasset" 87
"../../../Engine/Content/EngineMaterials/RemoveSurfaceMaterial.uasset" 88
"../../../Engine/Content/EngineMaterials/WeightMapPlaceholderTexture.uasset" 89
"../../../Engine/Content/EngineResources/WhiteSquareTexture.uasset" 90
"../../../Engine/Content/EngineMaterials/Widget3DPassThrough.uasset" 91
"../../../Engine/Content/EngineMaterials/Widget3DPassThrough_Masked.uasset" 92
"../../../Engine/Content/EngineMaterials/Widget3DPassThrough_Opaque.uasset" 93
"../../../Engine/Content/EngineMaterials/Widget3DPassThrough_Masked_OneSided.uasset" 94
"../../../Engine/Content/EngineMaterials/Widget3DPassThrough_Opaque_OneSided.uasset" 95
"../../../Engine/Content/EngineMaterials/Widget3DPassThrough_Translucent.uasset" 96
"../../../Engine/Content/EngineMaterials/Widget3DPassThrough_Translucent_OneSided.uasset" 97
"../../../Engine/Content/EngineMeshes/Cylinder.uasset" 98
"../../../Engine/Content/EngineMeshes/Sphere.uasset" 99
"../../../Engine/Content/EngineResources/Black.uasset" 100
"../../../Engine/Content/EngineResources/DefaultTexture.uasset" 101
"../../../Engine/Content/EngineResources/DefaultTextureCube.uasset" 102
"../../../Engine/Content/EngineResources/DefaultVolumeTexture2D.uasset" 103
"../../../Engine/Content/EngineResources/DefaultVolumeTexture.uasset" 104
"../../../Engine/Content/EngineResources/GradientTexture0.uasset" 105
"../../../Engine/Content/EngineSounds/Master.uasset" 106
"../../../Engine/Content/Functions/Engine_MaterialFunctions01/Shading/ConvertFromDiffSpec.uasset" 107
"../../../Engine/Content/Functions/Engine_MaterialFunctions01/Shading/PowerToRoughness.uasset" 108
"../../../Engine/Content/Maps/Templates/Thumbnails/Default.uasset" 109
"../../../Engine/Content/Maps/Templates/Thumbnails/VR-Basic.uasset" 110
"../../../Engine/Content/MobileResources/T_MobileControls_texture.uasset" 111
"../../../Engine/Content/MobileResources/T_MobileMenu2.uasset" 112
"../../../Engine/Content/MobileResources/HUD/AnalogHat.uasset" 113
"../../../Engine/Content/MobileResources/HUD/VirtualJoystick_Background.uasset" 114
"../../../Engine/Content/MobileResources/HUD/VirtualJoystick_Thumb.uasset" 115
"../../../Engine/Content/MobileResources/HUD/DefaultVirtualJoysticks.uasset" 116
"../../../Engine/Content/MobileResources/HUD/LeftVirtualJoystickOnly.uasset" 117
"../../../Engine/Content/MobileResources/HUD/MobileHUDButton1_off.uasset" 118
"../../../Engine/Content/MobileResources/HUD/MobileHUDButton1_on.uasset" 119
"../../../Engine/Content/MobileResources/HUD/MobileHUDButton2_off.uasset" 120
"../../../Engine/Content/MobileResources/HUD/MobileHUDButton2_on.uasset" 121
"../../../Engine/Content/MobileResources/HUD/MobileHUDButton3.uasset" 122
"../../../Engine/Content/MobileResources/HUD/MobileHUDButtonFire.uasset" 123
"../../../Engine/Content/MobileResources/HUD/MobileHUDDirectionPad.uasset" 124
"../../../Engine/Content/MobileResources/HUD/MobileHUDDirectionPad2.uasset" 125
"../../../Engine/Content/MobileResources/HUD/MobileHUDDirectionPad3.uasset" 126
"../../../Engine/Content/MobileResources/HUD/MobileHUDDirectionStick.uasset" 127
"../../../Engine/Content/MobileResources/HUD/T_Castle_ThumbstickInner.uasset" 128
"../../../Engine/Content/MobileResources/HUD/T_Castle_ThumbstickOutter.uasset" 129
"../../../Engine/Content/Tutorial/ContentIntroCurve.uasset" 130
"../../../Engine/Content/VREditor/LaserPointer/VR_LaserPower_01.uasset" 131
"../../../Engine/Content/VREditor/TransformGizmo/TransformGizmoMaterial.uasset" 132
"../../../Engine/Content/VREditor/TransformGizmo/TranslucentTransformGizmoMaterial.uasset" 133
"../../../Engine/Content/VREditor/TransformGizmo/BoundingBoxCorner.uasset" 134
"../../../Engine/Content/VREditor/TransformGizmo/BoundingBoxEdge.uasset" 135
"../../../Engine/Content/VREditor/TransformGizmo/PlaneTranslationHandle.uasset" 136
"../../../Engine/Content/VREditor/TransformGizmo/Main.uasset" 137
"../../../Engine/Content/VREditor/TransformGizmo/Xray.uasset" 138
"../../../Engine/Content/VREditor/TransformGizmo/SM_Sequencer_Key.uasset" 139
"../../../Engine/Content/VREditor/TransformGizmo/SM_Sequencer_Node.uasset" 140
"../../Plugins/2D/Paper2D/Content/PlaceholderTextures/DummySpriteTexture.uasset" 141
"../../Plugins/2D/Paper2D/Content/DummySprite.uasset" 142
"../../Plugins/2D/Paper2D/Content/DefaultPaperTerrainMaterial.uasset" 143
"../../Plugins/2D/Paper2D/Content/DefaultSpriteMaterial.uasset" 144
"../../Plugins/2D/Paper2D/Content/MaskedUnlitSpriteMaterial.uasset" 145
"../../Plugins/2D/Paper2D/Content/OpaqueUnlitSpriteMaterial.uasset" 146
"../../Plugins/Runtime/Oculus/OculusVR/Content/Materials/PokeAHoleMaterial.uasset" 147
"../../Plugins/Runtime/Oculus/OculusVR/Content/Textures/GearVRController_AO.uasset" 148
"../../Plugins/Runtime/Oculus/OculusVR/Content/Textures/GearVRController_Color.uasset" 149
"../../Plugins/Runtime/Oculus/OculusVR/Content/Textures/GearVRController_Normal.uasset" 150
"../../Plugins/Runtime/Oculus/OculusVR/Content/Materials/GearVRControllerMaterial.uasset" 151
"../../Plugins/Runtime/Oculus/OculusVR/Content/Meshes/GearVrController.uasset" 152
"../../Plugins/Runtime/Oculus/OculusVR/Content/Textures/touchController_albedo.uasset" 153
"../../Plugins/Runtime/Oculus/OculusVR/Content/Textures/touchController_controlmap.uasset" 154
"../../Plugins/Runtime/Oculus/OculusVR/Content/Materials/touchController_mat.uasset" 155
"../../Plugins/Runtime/Oculus/OculusVR/Content/Meshes/LeftTouchController.uasset" 156
"../../Plugins/Runtime/Oculus/OculusVR/Content/Meshes/RiftHMD.uasset" 157
"../../Plugins/Runtime/Oculus/OculusVR/Content/Meshes/RightTouchController.uasset" 158
"../../../Engine/Content/EditorBlueprintResources/ActorMacros.uasset" 159
"../../../Engine/Content/EditorBlueprintResources/StandardMacros.uasset" 160
"../../../../../gravelwars-pavlov/Plugins/CustomMapTools/Content/Blueprints/BPFL_PavlovTemplate.uasset" 161
"../../../../../gravelwars-pavlov/Content/CustomMaps/UGC2127530177/Materials/announcer.uasset" 162
"../../../../../gravelwars-pavlov/Content/CustomMaps/UGC2127530177/Sounds/Announcer_am_gamestarting01.uasset" 163
"../../../../../gravelwars-pavlov/Content/CustomMaps/UGC2127530177/Sounds/Announcer_am_teamscramble03.uasset" 164
"../../../../../gravelwars-pavlov/Content/CustomMaps/UGC2127530177/Sounds/announcer_arena_start.uasset" 165
"../../../../../gravelwars-pavlov/Content/CustomMaps/UGC2127530177/Sounds/announcer_cart_attacker_finalwarning5.uasset" 166
"../../../../../gravelwars-pavlov/Content/CustomMaps/UGC2127530177/Sounds/announcer_cart_attacker_warning3.uasset" 167
"../../../../../gravelwars-pavlov/Content/CustomMaps/UGC2127530177/Sounds/announcer_cart_defender_finalwarning1.uasset" 168
"../../../../../gravelwars-pavlov/Content/CustomMaps/UGC2127530177/Sounds/announcer_cart_defender_warning2.uasset" 169
"../../../../../gravelwars-pavlov/Content/CustomMaps/UGC2127530177/Sounds/announcer_control_point_warning.uasset" 170
"../../../../../gravelwars-pavlov/Content/CustomMaps/UGC2127530177/Sounds/announcer_control_point_warning2.uasset" 171
"../../../../../gravelwars-pavlov/Content/CustomMaps/UGC2127530177/Sounds/announcer_koth_capture.uasset" 172
"../../../../../gravelwars-pavlov/Content/CustomMaps/UGC2127530177/Sounds/announcer_koth_lose.uasset" 173
"../../../../../gravelwars-pavlov/Content/CustomMaps/UGC2127530177/Sounds/announcer_last_flag.uasset" 174
"../../../../../gravelwars-pavlov/Content/CustomMaps/UGC2127530177/Sounds/announcer_last_flag2.uasset" 175
"../../../../../gravelwars-pavlov/Content/CustomMaps/UGC2127530177/Sounds/announcer_roundstart_attack_cp.uasset" 176
"../../../../../gravelwars-pavlov/Content/CustomMaps/UGC2127530177/Sounds/announcer_roundstart_defend_cp.uasset" 177
"../../../../../gravelwars-pavlov/Content/CustomMaps/UGC2127530177/Sounds/announcer_time_added.uasset" 178
"../../../../../gravelwars-pavlov/Content/CustomMaps/UGC2127530177/Sounds/announcer_time_added_enemy.uasset" 179
"../../../../../gravelwars-pavlov/Content/CustomMaps/UGC2127530177/Sounds/scored.uasset" 180
"../../../../../gravelwars-pavlov/Content/CustomMaps/UGC2127530177/Sounds/your_team_lost.uasset" 181
"../../../../../gravelwars-pavlov/Content/CustomMaps/UGC2127530177/Sounds/your_team_won.uasset" 182
"../../../../../gravelwars-pavlov/Content/CustomMaps/UGC2127530177/Announcer.uasset" 183
"../../../../../gravelwars-pavlov/Plugins/CustomMapTools/Content/Examples/Proxies/BP_HandProxyExample.uasset" 184
"../../../../../gravelwars-pavlov/Content/CustomMaps/UGC2127530177/BP_PlayerProxyGravel.uasset" 185
"../../../../../gravelwars-pavlov/Plugins/CustomMapTools/Content/Examples/Items/Flashlight/SM_FlashlightPlaceholder.uasset" 186
"../../../../../gravelwars-pavlov/Plugins/CustomMapTools/Content/Examples/Items/Flashlight/ModItem_Flashlight.uasset" 187
"../../../../../gravelwars-pavlov/Plugins/CustomMapTools/Content/Examples/Items/FOB/S_FobInfo.uasset" 188
"../../../../../gravelwars-pavlov/Plugins/CustomMapTools/Content/Examples/GL_Base.uasset" 189
"../../../Engine/Content/EngineMeshes/Humanoid.uasset" 190
"../../../../../gravelwars-pavlov/Plugins/CustomMapTools/Content/Mannequin/Character/Mesh/UE4_Mannequin_Skeleton.uasset" 191
"../../../../../gravelwars-pavlov/Plugins/CustomMapTools/Content/Mannequin/Character/Mesh/SK_Mannequin.uasset" 192
"../../../../../gravelwars-pavlov/Plugins/CustomMapTools/Content/Examples/PlayerSkinTable.uasset" 193
"../../../../../gravelwars-pavlov/Plugins/CustomMapTools/Content/Examples/Proxies/CMP_GlobalInfoExample.uasset" 194
"../../../../../gravelwars-pavlov/Plugins/CustomMapTools/Content/Examples/Items/FOB/GL_FobExample.uasset" 195
"../../../../../gravelwars-pavlov/Plugins/CustomMapTools/Content/Examples/Items/FOB/EQS_FOB.uasset" 196
"../../../Engine/Content/VREditor/BasicMeshes/T_CleanFloorGrunge_01_D.uasset" 197
"../../../Engine/Content/VREditor/BasicMeshes/M_Floor_01.uasset" 198
"../../../Engine/Content/VREditor/BasicMeshes/MI_Cube_01.uasset" 199
"../../../Engine/Content/VREditor/BasicMeshes/SM_Cube_01.uasset" 200
"../../../../../gravelwars-pavlov/Plugins/CustomMapTools/Content/Examples/Items/FOB/ModItem_FOB.uasset" 201
"../../../../../gravelwars-pavlov/Plugins/CustomMapTools/Content/Examples/Items/CustomItemTableExample.uasset" 202
"../../../../../gravelwars-pavlov/Content/CustomMaps/UGC2127530177/mercs/mercenary_blue.uasset" 203
"../../../../../gravelwars-pavlov/Content/CustomMaps/UGC2127530177/mercs/mercenary_normal.uasset" 204
"../../../../../gravelwars-pavlov/Content/CustomMaps/UGC2127530177/mercs/merc_blue.uasset" 205
"../../../../../gravelwars-pavlov/Content/CustomMaps/UGC2127530177/mercs/mercenary_head.uasset" 206
"../../../../../gravelwars-pavlov/Content/CustomMaps/UGC2127530177/mercs/mercenary_head_normal.uasset" 207
"../../../../../gravelwars-pavlov/Content/CustomMaps/UGC2127530177/mercs/mercenary_head_002.uasset" 208
"../../../../../gravelwars-pavlov/Content/CustomMaps/UGC2127530177/Models/eye.uasset" 209
"../../../../../gravelwars-pavlov/Content/CustomMaps/UGC2127530177/Models/eyeball_l.uasset" 210
"../../../../../gravelwars-pavlov/Content/CustomMaps/UGC2127530177/Models/eyeball_r.uasset" 211
"../../../../../gravelwars-pavlov/Content/CustomMaps/UGC2127530177/mercs/mercenary__4__PhysicsAsset.uasset" 212
"../../../../../gravelwars-pavlov/Content/CustomMaps/UGC2127530177/mercs/UE4_Mannequin_Skeleton.uasset" 213
"../../../../../gravelwars-pavlov/Content/CustomMaps/UGC2127530177/mercs/merc_blu_real.uasset" 214
"../../../../../gravelwars-pavlov/Content/CustomMaps/UGC2127530177/mercs/mercenary_red.uasset" 215
"../../../../../gravelwars-pavlov/Content/CustomMaps/UGC2127530177/mercs/mercenary_red_002.uasset" 216
"../../../../../gravelwars-pavlov/Content/CustomMaps/UGC2127530177/mercs/merc_red_real.uasset" 217
"../../../../../gravelwars-pavlov/Content/CustomMaps/UGC2127530177/gravel_skins.uasset" 218
"../../../../../gravelwars-pavlov/Content/CustomMaps/UGC2127530177/CMP_GlobalInfoGravel.uasset" 219
"../../../../../gravelwars-pavlov/Content/CustomMaps/UGC2127530177/CMP_PlayerInfoGravel.uasset" 220
"../../../../../gravelwars-pavlov/Content/CustomMaps/UGC2127530177/Materials/cap_point_base_blue.uasset" 221
"../../../../../gravelwars-pavlov/Content/CustomMaps/UGC2127530177/Materials/cap_point_base_normal.uasset" 222
"../../../../../gravelwars-pavlov/Content/CustomMaps/UGC2127530177/Materials/CPBlueBase.uasset" 223
"../../../../../gravelwars-pavlov/Content/CustomMaps/UGC2127530177/Materials/cap_point_base_red.uasset" 224
"../../../../../gravelwars-pavlov/Content/CustomMaps/UGC2127530177/Materials/CPRedBase.uasset" 225
"../../../../../gravelwars-pavlov/Plugins/CustomMapTools/Content/PhysicalMaterials/PM_Default_Metal.uasset" 226
"../../../../../gravelwars-pavlov/Content/CustomMaps/UGC2127530177/CPAttenuation.uasset" 227
"../../../../../gravelwars-pavlov/Content/CustomMaps/UGC2127530177/Materials/cap_point_base.uasset" 228
"../../../../../gravelwars-pavlov/Content/CustomMaps/UGC2127530177/Materials/CPBase.uasset" 229
"../../../../../gravelwars-pavlov/Content/CustomMaps/UGC2127530177/Models/cap_point_base_PhysicsAsset.uasset" 230
"../../../../../gravelwars-pavlov/Content/CustomMaps/UGC2127530177/Models/cap_point_base_Skeleton.uasset" 231
"../../../../../gravelwars-pavlov/Content/CustomMaps/UGC2127530177/Models/cap_point_base.uasset" 232
"../../../../../gravelwars-pavlov/Content/CustomMaps/UGC2127530177/Materials/cappoint_beam_blue.uasset" 233
"../../../../../gravelwars-pavlov/Content/CustomMaps/UGC2127530177/Materials/cappoint_beam_blue_Mat.uasset" 234
"../../../../../gravelwars-pavlov/Content/CustomMaps/UGC2127530177/Materials/cappoint_beam_neutral.uasset" 235
"../../../../../gravelwars-pavlov/Content/CustomMaps/UGC2127530177/Materials/cappoint_beam_neutral_Mat.uasset" 236
"../../../../../gravelwars-pavlov/Content/CustomMaps/UGC2127530177/Materials/cappoint_beam_red.uasset" 237
"../../../../../gravelwars-pavlov/Content/CustomMaps/UGC2127530177/Materials/cappoint_beam_red_Mat.uasset" 238
"../../../../../gravelwars-pavlov/Content/CustomMaps/UGC2127530177/Materials/cappoint_logo_blue.uasset" 239
"../../../../../gravelwars-pavlov/Content/CustomMaps/UGC2127530177/Materials/cappoint_logo_blue_Mat.uasset" 240
"../../../../../gravelwars-pavlov/Content/CustomMaps/UGC2127530177/Materials/cappoint_logo_neutral.uasset" 241
"../../../../../gravelwars-pavlov/Content/CustomMaps/UGC2127530177/Materials/cappoint_logo_neutral_Mat.uasset" 242
"../../../../../gravelwars-pavlov/Content/CustomMaps/UGC2127530177/Materials/cappoint_logo_red.uasset" 243
"../../../../../gravelwars-pavlov/Content/CustomMaps/UGC2127530177/Materials/cappoint_logo_red_Mat.uasset" 244
"../../../../../gravelwars-pavlov/Content/CustomMaps/UGC2127530177/Models/CP_Hologram_mdl.uasset" 245
"../../../../../gravelwars-pavlov/Content/CustomMaps/UGC2127530177/Sounds/hologram_malfunction.uasset" 246
"../../../../../gravelwars-pavlov/Content/CustomMaps/UGC2127530177/Sounds/hologram_move.uasset" 247
"../../../../../gravelwars-pavlov/Content/CustomMaps/UGC2127530177/Sounds/hologram_start.uasset" 248
"../../../../../gravelwars-pavlov/Content/CustomMaps/UGC2127530177/Sounds/hologram_stop.uasset" 249
"../../../../../gravelwars-pavlov/Content/CustomMaps/UGC2127530177/ControlPoint.uasset" 250
"../../../../../gravelwars-pavlov/Plugins/CustomMapTools/Content/Blueprints/BPI_MatchRounds.uasset" 251
"../../../../../gravelwars-pavlov/Content/CustomMaps/UGC2127530177/CustomCharacter/Blueprints/BPI_CustomCharacterInterface.uasset" 252
"../../../../../gravelwars-pavlov/Content/CustomMaps/UGC2127530177/CustomCharacter/Blueprints/BP_CustomCharacterHandler.uasset" 253
"../../../../../gravelwars-pavlov/Content/CustomMaps/UGC2127530177/CustomCharacter/Blueprints/BP_CustomCharacter.uasset" 254
"../../../../../gravelwars-pavlov/Content/CustomMaps/UGC2127530177/CustomCharacter/Blueprints/Pavlov_GameLogic_CC.uasset" 255
"../../../Engine/Content/EngineDamageTypes/DmgTypeBP_Environmental.uasset" 256
"../../../../../gravelwars-pavlov/Content/CustomMaps/UGC2127530177/Materials/noentry.uasset" 257
"../../../../../gravelwars-pavlov/Content/CustomMaps/UGC2127530177/Materials/noentry_Mat.uasset" 258
"../../../Engine/Content/BasicShapes/Cube.uasset" 259
"../../../../../gravelwars-pavlov/Content/CustomMaps/UGC2127530177/SpawnBlocker.uasset" 260
"../../../../../gravelwars-pavlov/Content/CustomMaps/UGC2127530177/DoorAttenuation.uasset" 261
"../../../../../gravelwars-pavlov/Plugins/CustomMapTools/Content/PhysicalMaterials/PM_Default_Dirt.uasset" 262
"../../../../../gravelwars-pavlov/Content/CustomMaps/UGC2127530177/NormalMap.uasset" 263
"../../../../../gravelwars-pavlov/Content/CustomMaps/UGC2127530177/shitfuck.uasset" 264
"../../../../../gravelwars-pavlov/Content/CustomMaps/UGC2127530177/BaseMat.uasset" 265
"../../../../../gravelwars-pavlov/Content/CustomMaps/UGC2127530177/Materials/Textures/models/props_gameplay/door_slide_large.uasset" 266
"../../../../../gravelwars-pavlov/Content/CustomMaps/UGC2127530177/Materials/Materials/models/props_gameplay/door_slide_large_mat.uasset" 267
"../../../../../gravelwars-pavlov/Content/CustomMaps/UGC2127530177/Models/Meshes/props_gameplay/door_slide_large_door.uasset" 268
"../../../../../gravelwars-pavlov/Content/CustomMaps/UGC2127530177/SpawnDoor.uasset" 269
"../../../../../gravelwars-pavlov/Content/CustomMaps/UGC2127530177/Materials/grayout.uasset" 270
"../../../../../gravelwars-pavlov/Content/CustomMaps/UGC2127530177/Materials/grayout_Mat.uasset" 271
"../../../../../gravelwars-pavlov/Content/CustomMaps/UGC2127530177/Materials/orangeout.uasset" 272
"../../../../../gravelwars-pavlov/Content/CustomMaps/UGC2127530177/Materials/orangeout_Mat.uasset" 273
"../../../../../gravelwars-pavlov/Content/CustomMaps/UGC2127530177/Models/playerstart_referenceout_PhysicsAsset.uasset" 274
"../../../../../gravelwars-pavlov/Content/CustomMaps/UGC2127530177/Models/playerstart_referenceout.uasset" 275
"../../../../../gravelwars-pavlov/Content/CustomMaps/UGC2127530177/TF2Spawn.uasset" 276
"../../../../../gravelwars-pavlov/Content/CustomMaps/UGC2127530177/Materials/Textures/editor/obsolete.uasset" 277
"../../../../../gravelwars-pavlov/Content/CustomMaps/UGC2127530177/definition.uasset" 278
"../../../../../gravelwars-pavlov/Content/CustomMaps/UGC2127530177/Sounds/announcer_am_capenabled02.uasset" 279
"../../../../../gravelwars-pavlov/Content/CustomMaps/UGC2127530177/Sounds/announcer_begins_10sec.uasset" 280
"../../../../../gravelwars-pavlov/Content/CustomMaps/UGC2127530177/Sounds/announcer_begins_1sec.uasset" 281
"../../../../../gravelwars-pavlov/Content/CustomMaps/UGC2127530177/Sounds/announcer_begins_2sec.uasset" 282
"../../../../../gravelwars-pavlov/Content/CustomMaps/UGC2127530177/Sounds/announcer_begins_30sec.uasset" 283
"../../../../../gravelwars-pavlov/Content/CustomMaps/UGC2127530177/Sounds/announcer_begins_3sec.uasset" 284
"../../../../../gravelwars-pavlov/Content/CustomMaps/UGC2127530177/Sounds/announcer_begins_4sec.uasset" 285
"../../../../../gravelwars-pavlov/Content/CustomMaps/UGC2127530177/Sounds/announcer_begins_5sec.uasset" 286
"../../../../../gravelwars-pavlov/Content/CustomMaps/UGC2127530177/Sounds/announcer_begins_60sec.uasset" 287
"../../../../../gravelwars-pavlov/Content/CustomMaps/UGC2127530177/Sounds/announcer_ends_10sec.uasset" 288
"../../../../../gravelwars-pavlov/Content/CustomMaps/UGC2127530177/Sounds/announcer_ends_1sec.uasset" 289
"../../../../../gravelwars-pavlov/Content/CustomMaps/UGC2127530177/Sounds/announcer_ends_2sec.uasset" 290
"../../../../../gravelwars-pavlov/Content/CustomMaps/UGC2127530177/Sounds/announcer_ends_30sec.uasset" 291
"../../../../../gravelwars-pavlov/Content/CustomMaps/UGC2127530177/Sounds/announcer_ends_3sec.uasset" 292
"../../../../../gravelwars-pavlov/Content/CustomMaps/UGC2127530177/Sounds/announcer_ends_4sec.uasset" 293
"../../../../../gravelwars-pavlov/Content/CustomMaps/UGC2127530177/Sounds/announcer_ends_5min.uasset" 294
"../../../../../gravelwars-pavlov/Content/CustomMaps/UGC2127530177/Sounds/announcer_ends_5sec.uasset" 295
"../../../../../gravelwars-pavlov/Content/CustomMaps/UGC2127530177/Sounds/announcer_ends_60sec.uasset" 296
"../../../../../gravelwars-pavlov/Content/CustomMaps/UGC2127530177/Sounds/announcer_firstblood.uasset" 297
"../../../../../gravelwars-pavlov/Content/CustomMaps/UGC2127530177/Sounds/announcer_overtime4.uasset" 298
"../../../../../gravelwars-pavlov/Content/CustomMaps/UGC2127530177/Sounds/siren.uasset" 299
"../../../../../gravelwars-pavlov/Content/CustomMaps/UGC2127530177/Pavlov_GravelWars.uasset" 300
"../../../../../gravelwars-pavlov/Content/CustomMaps/UGC2127530177/GameMode_Textures/CP/cappoint_beam_blue.uasset" 301
"../../../../../gravelwars-pavlov/Content/CustomMaps/UGC2127530177/GameMode_Textures/CP/cappoint_beam_blue_Mat.uasset" 302
"../../../../../gravelwars-pavlov/Content/CustomMaps/UGC2127530177/GameMode_Textures/CP/cappoint_beam_neutral.uasset" 303
"../../../../../gravelwars-pavlov/Content/CustomMaps/UGC2127530177/GameMode_Textures/CP/cappoint_beam_neutral_Mat.uasset" 304
"../../../../../gravelwars-pavlov/Content/CustomMaps/UGC2127530177/GameMode_Textures/CP/cappoint_beam_red.uasset" 305
"../../../../../gravelwars-pavlov/Content/CustomMaps/UGC2127530177/GameMode_Textures/CP/cappoint_beam_red_Mat.uasset" 306
"../../../../../gravelwars-pavlov/Content/CustomMaps/UGC2127530177/GameMode_Textures/CP/cappoint_beam_lines_b.uasset" 307
"../../../../../gravelwars-pavlov/Content/CustomMaps/UGC2127530177/GameMode_Textures/CP/cappoint_logo_blue.uasset" 308
"../../../../../gravelwars-pavlov/Content/CustomMaps/UGC2127530177/GameMode_Textures/CP/cappoint_logo_blue_Mat.uasset" 309
"../../../../../gravelwars-pavlov/Content/CustomMaps/UGC2127530177/GameMode_Textures/CP/cappoint_beam_lines_n.uasset" 310
"../../../../../gravelwars-pavlov/Content/CustomMaps/UGC2127530177/GameMode_Textures/CP/cappoint_logo_neutral.uasset" 311
"../../../../../gravelwars-pavlov/Content/CustomMaps/UGC2127530177/GameMode_Textures/CP/cappoint_logo_neutral_Mat.uasset" 312
"../../../../../gravelwars-pavlov/Content/CustomMaps/UGC2127530177/GameMode_Textures/CP/cappoint_beam_lines_r.uasset" 313
"../../../../../gravelwars-pavlov/Content/CustomMaps/UGC2127530177/GameMode_Textures/CP/cappoint_logo_red.uasset" 314
"../../../../../gravelwars-pavlov/Content/CustomMaps/UGC2127530177/GameMode_Textures/CP/cappoint_logo_red_Mat.uasset" 315
"../../../../../gravelwars-pavlov/Content/CustomMaps/UGC2127530177/GameMode_Models/CP/cappoint_hologram_mesh0.uasset" 316
"../../../../../gravelwars-pavlov/Content/CustomMaps/UGC2127530177/GameMode_Models/CP/cappoint_hologram_mesh1.uasset" 317
"../../../../../gravelwars-pavlov/Content/CustomMaps/UGC2127530177/GameMode_Models/CP/cappoint_hologram_mesh3.uasset" 318
"../../../../../gravelwars-pavlov/Content/CustomMaps/UGC2127530177/GameMode_Models/CP/cappoint_hologram_mesh4.uasset" 319
"../../../../../gravelwars-pavlov/Content/CustomMaps/UGC2127530177/GameMode_Models/CP/cappoint_hologram_mesh6.uasset" 320
"../../../../../gravelwars-pavlov/Content/CustomMaps/UGC2127530177/GameMode_Models/CP/cappoint_hologram_mesh7.uasset" 321
"../../../../../gravelwars-pavlov/Content/CustomMaps/UGC2127530177/GameMode_Textures/PL/track_cap_base.uasset" 322
"../../../../../gravelwars-pavlov/Content/CustomMaps/UGC2127530177/GameMode_Textures/PL/track_cap_base_Mat.uasset" 323
"../../../../../gravelwars-pavlov/Content/CustomMaps/UGC2127530177/GameMode_Textures/PL/track_midcap.uasset" 324
"../../../../../gravelwars-pavlov/Content/CustomMaps/UGC2127530177/GameMode_Textures/PL/track_midcap_Mat.uasset" 325
"../../../../../gravelwars-pavlov/Content/CustomMaps/UGC2127530177/GameMode_Models/PL/track_midcap_PhysicsAsset.uasset" 326
"../../../../../gravelwars-pavlov/Content/CustomMaps/UGC2127530177/GameMode_Models/PL/track_midcap_Skeleton.uasset" 327
"../../../../../gravelwars-pavlov/Content/CustomMaps/UGC2127530177/GameMode_Models/PL/track_midcap.uasset" 328
"../../../../../gravelwars-pavlov/Content/CustomMaps/UGC2127530177/BluePrints/PL/track_midcap_Blueprint.uasset" 329
"../../../../../gravelwars-pavlov/Content/CustomMaps/UGC2127530177/BluePrints/PL/Track_Node.uasset" 330
"../../../../../gravelwars-pavlov/Plugins/CustomMapTools/Content/PhysicalMaterials/PM_Default_Wood.uasset" 331
"../../../../../gravelwars-pavlov/Content/CustomMaps/UGC2127530177/GameMode_Textures/PL/cart_base.uasset" 332
"../../../../../gravelwars-pavlov/Content/CustomMaps/UGC2127530177/GameMode_Textures/PL/cart_base_AO.uasset" 333
"../../../../../gravelwars-pavlov/Content/CustomMaps/UGC2127530177/GameMode_Textures/PL/cart_base_DISP.uasset" 334
"../../../../../gravelwars-pavlov/Content/CustomMaps/UGC2127530177/GameMode_Textures/PL/cart_base_NORM.uasset" 335
"../../../../../gravelwars-pavlov/Content/CustomMaps/UGC2127530177/GameMode_Textures/PL/cart_base_rough.uasset" 336
"../../../../../gravelwars-pavlov/Content/CustomMaps/UGC2127530177/GameMode_Textures/PL/cart_base_SPEC.uasset" 337
"../../../../../gravelwars-pavlov/Content/CustomMaps/UGC2127530177/GameMode_Textures/PL/cart_base_Mat.uasset" 338
"../../../../../gravelwars-pavlov/Content/CustomMaps/UGC2127530177/GameMode_Textures/PL/cart_bomb.uasset" 339
"../../../../../gravelwars-pavlov/Content/CustomMaps/UGC2127530177/GameMode_Textures/PL/cart_bomb_AO.uasset" 340
"../../../../../gravelwars-pavlov/Content/CustomMaps/UGC2127530177/GameMode_Textures/PL/cart_bomb_DISP.uasset" 341
"../../../../../gravelwars-pavlov/Content/CustomMaps/UGC2127530177/GameMode_Textures/PL/cart_bomb_light.uasset" 342
"../../../../../gravelwars-pavlov/Content/CustomMaps/UGC2127530177/GameMode_Textures/PL/cart_bomb_NORM.uasset" 343
"../../../../../gravelwars-pavlov/Content/CustomMaps/UGC2127530177/GameMode_Textures/PL/cart_bomb_ROUGH.uasset" 344
"../../../../../gravelwars-pavlov/Content/CustomMaps/UGC2127530177/GameMode_Textures/PL/cart_bomb_SPEC.uasset" 345
"../../../../../gravelwars-pavlov/Content/CustomMaps/UGC2127530177/GameMode_Textures/PL/cart_bomb_Mat.uasset" 346
"../../../../../gravelwars-pavlov/Content/CustomMaps/UGC2127530177/GameMode_Textures/PL/cart_dispenser.uasset" 347
"../../../../../gravelwars-pavlov/Content/CustomMaps/UGC2127530177/GameMode_Textures/PL/cart_dispenser_AO.uasset" 348
"../../../../../gravelwars-pavlov/Content/CustomMaps/UGC2127530177/GameMode_Textures/PL/cart_dispenser_DISP.uasset" 349
"../../../../../gravelwars-pavlov/Content/CustomMaps/UGC2127530177/GameMode_Textures/PL/cart_dispenser_NORM.uasset" 350
"../../../../../gravelwars-pavlov/Content/CustomMaps/UGC2127530177/GameMode_Textures/PL/cart_dispenser_SPEC.uasset" 351
"../../../../../gravelwars-pavlov/Content/CustomMaps/UGC2127530177/GameMode_Textures/PL/cart_dispenser_Mat.uasset" 352
"../../../../../gravelwars-pavlov/Content/CustomMaps/UGC2127530177/GameMode_Models/PL/bomb_cart.uasset" 353
"../../../../../gravelwars-pavlov/Content/CustomMaps/UGC2127530177/PLAttenuation.uasset" 354
"../../../../../gravelwars-pavlov/Content/CustomMaps/UGC2127530177/Sounds/cart_rolling.uasset" 355
"../../../../../gravelwars-pavlov/Content/CustomMaps/UGC2127530177/Sounds/cart_warning.uasset" 356
"../../../../../gravelwars-pavlov/Content/CustomMaps/UGC2127530177/BluePrints/PL/Cart.uasset" 357
"../../../Engine/Content/EngineSky/C_Sky_Cloud_Color.uasset" 358
"../../../Engine/Content/EngineSky/C_Sky_Horizon_Color.uasset" 359
"../../../Engine/Content/EngineSky/C_Sky_Zenith_Color.uasset" 360
"../../../Engine/Content/EngineSky/T_Sky_Blue.uasset" 361
"../../../Engine/Content/EngineSky/T_Sky_Clouds_M.uasset" 362
"../../../Engine/Content/EngineSky/T_Sky_Stars.uasset" 363
"../../../Engine/Content/EngineSky/M_Sky_Panning_Clouds2.uasset" 364
"../../../Engine/Content/EngineSky/SM_SkySphere.uasset" 365
"../../../Engine/Content/EngineSky/BP_Sky_Sphere.uasset" 366
"../../../../../gravelwars-pavlov/Content/CustomMaps/UGC2127530177/Payload_Example_BuiltData.uasset" 367
"../../../Engine/Content/BasicShapes/BasicShapeMaterial.uasset" 368
"../../../../../gravelwars-pavlov/Content/CustomMaps/UGC2127530177/Payload_Example.umap" 369
"../../../Engine/Content/Maps/Entry_BuiltData.uasset" 370
"../../../Engine/Content/Maps/Entry.umap" 371
"../../../Engine/Content/Maps/Templates/Template_Default_BuiltData.uasset" 372
"../../../Engine/Content/MapTemplates/SM_Template_Map_Floor.uasset" 373
"../../../Engine/Content/Maps/Templates/Template_Default.umap" 374
